
[1;36m################################################################[0m
[1;36m##                      Platform: Linux                       ##[0m
[1;36m################################################################[0m

Processing /home/v-phoenixman/repos/nanvix/zutils/feat/downstream-scripts
  Installing build dependencies: started
  Installing build dependencies: finished with status 'done'
  Getting requirements to build wheel: started
  Getting requirements to build wheel: finished with status 'done'
  Preparing metadata (pyproject.toml): started
  Preparing metadata (pyproject.toml): finished with status 'done'
Building wheels for collected packages: nanvix-zutil
  Building wheel for nanvix-zutil (pyproject.toml): started
  Building wheel for nanvix-zutil (pyproject.toml): finished with status 'done'
  Created wheel for nanvix-zutil: filename=nanvix_zutil-0.7.21-py3-none-any.whl size=70270 sha256=db8572b004df1b838e47a89443e04de34124921dc9c7dcffe6fac052c14bc712
  Stored in directory: /home/v-phoenixman/.cache/pip/wheels/92/a4/8e/1a404a74460cface7ebab987dc52cc3fdaac47ca55b26c205f
Successfully built nanvix-zutil
HEAD is now at 76e4d06 Merge pull request #101 from nanvix/automation/update-zutils-version
HEAD is now at 3e8a776 Merge pull request #105 from nanvix/automation/update-nanvix-version
HEAD is now at 9f2ff36 Merge pull request #89 from nanvix/automation/update-zutils-version
HEAD is now at 5de75cd8a2 Merge pull request #82 from nanvix/automation/update-zutils-version
HEAD is now at 32404b46f4f Merge pull request #440 from nanvix/automation/update-nanvix-version
[1;34m>>>[0m Building nanvix-zutil wheel from /home/v-phoenixman/repos/nanvix/zutils/feat/downstream-scripts
[1;32m OK[0m Built: nanvix_zutil-0.7.21-py3-none-any.whl
[1;34m>>>[0m === Downstream Test ===

[1;34m>>>[0m Wheel: /tmp/nanvix-downstream-test/wheel/nanvix_zutil-0.7.21-py3-none-any.whl
[1;34m>>>[0m Repos root: /home/v-phoenixman/repos
[1;34m>>>[0m Consumers: nanvix/zlib, nanvix/bzip2, nanvix/sqlite, nanvix/libffi, nanvix/openssl, nanvix/cpython, nanvix/quickjs, nanvix/posix-tests
[1;34m>>>[0m Setup only: True

[1m================================================================[0m
[1m  Stage 1: Checkout / Update Repos[0m
[1m================================================================[0m

[1;34m>>>[0m --- nanvix/zlib ---
[1;34m>>>[0m   nanvix/zlib: overriding strategy 'shallow' -> 'bare' (repo exists)
[1;34m>>>[0m   nanvix/zlib: strategy=bare branch=nanvix/v1.3.1
[1;34m>>>[0m   nanvix/zlib: fetching latest
[1;34m>>>[0m   nanvix/zlib: updating worktree at /home/v-phoenixman/repos/nanvix/zlib/nanvix/v1.3.1
[1;34m>>>[0m --- nanvix/bzip2 ---
[1;34m>>>[0m   nanvix/bzip2: overriding strategy 'shallow' -> 'bare' (repo exists)
[1;34m>>>[0m   nanvix/bzip2: strategy=bare branch=nanvix/v1.0.8
[1;34m>>>[0m   nanvix/bzip2: fetching latest
[1;34m>>>[0m   nanvix/bzip2: updating worktree at /home/v-phoenixman/repos/nanvix/bzip2/nanvix/v1.0.8
[1;34m>>>[0m --- nanvix/sqlite ---
[1;34m>>>[0m   nanvix/sqlite: overriding strategy 'shallow' -> 'bare' (repo exists)
[1;34m>>>[0m   nanvix/sqlite: strategy=bare branch=nanvix/v3.49.0
[1;34m>>>[0m   nanvix/sqlite: fetching latest
[1;34m>>>[0m   nanvix/sqlite: updating worktree at /home/v-phoenixman/repos/nanvix/sqlite/nanvix/v3.49.0
[1;33mWARN[0m   nanvix/sqlite: skipping reset -- uncommitted changes in /home/v-phoenixman/repos/nanvix/sqlite/nanvix/v3.49.0
[1;34m>>>[0m --- nanvix/libffi ---
[1;34m>>>[0m   nanvix/libffi: overriding strategy 'shallow' -> 'bare' (repo exists)
[1;34m>>>[0m   nanvix/libffi: strategy=bare branch=nanvix/v3.4.6
[1;34m>>>[0m   nanvix/libffi: fetching latest
[1;34m>>>[0m   nanvix/libffi: updating worktree at /home/v-phoenixman/repos/nanvix/libffi/nanvix/v3.4.6
[1;34m>>>[0m --- nanvix/openssl ---
[1;34m>>>[0m   nanvix/openssl: overriding strategy 'shallow' -> 'bare' (repo exists)
[1;34m>>>[0m   nanvix/openssl: strategy=bare branch=nanvix/v3.5.0
[1;34m>>>[0m   nanvix/openssl: fetching latest
[1;34m>>>[0m   nanvix/openssl: updating worktree at /home/v-phoenixman/repos/nanvix/openssl/nanvix/v3.5.0
[1;34m>>>[0m --- nanvix/cpython ---
[1;34m>>>[0m   nanvix/cpython: overriding strategy 'shallow' -> 'bare' (repo exists)
[1;34m>>>[0m   nanvix/cpython: strategy=bare branch=nanvix/v3.12.3
[1;34m>>>[0m   nanvix/cpython: fetching latest
[1;34m>>>[0m   nanvix/cpython: updating worktree at /home/v-phoenixman/repos/nanvix/cpython/nanvix/v3.12.3
[1;34m>>>[0m --- nanvix/quickjs ---
[1;34m>>>[0m   nanvix/quickjs: overriding strategy 'shallow' -> 'clone' (repo exists)
[1;34m>>>[0m   nanvix/quickjs: strategy=clone branch=nanvix/v2025.09.13
[1;34m>>>[0m   nanvix/quickjs: fetching and checking out nanvix/v2025.09.13
[1;33mWARN[0m   nanvix/quickjs: skipping reset -- uncommitted changes in /home/v-phoenixman/repos/nanvix/quickjs
[1;34m>>>[0m --- nanvix/posix-tests ---
[1;34m>>>[0m   nanvix/posix-tests: overriding strategy 'shallow' -> 'bare' (repo exists)
[1;34m>>>[0m   nanvix/posix-tests: strategy=bare branch=main
[1;34m>>>[0m   nanvix/posix-tests: fetching latest
[1;34m>>>[0m   nanvix/posix-tests: updating worktree at /home/v-phoenixman/repos/nanvix/posix-tests/main
[1;33mWARN[0m   nanvix/posix-tests: skipping reset -- uncommitted changes in /home/v-phoenixman/repos/nanvix/posix-tests/main

[1m================================================================[0m
[1m  Stage 2: Run Consumer Tests[0m
[1m================================================================[0m

[1;34m>>>[0m --- nanvix/zlib ---
[1;34m>>>[0m   Using: /home/v-phoenixman/repos/nanvix/zlib/nanvix/v1.3.1
[1;34m>>>[0m   Creating venv and installing local wheel...
[1;34m>>>[0m   nanvix_zutil import: OK
[1;34m>>>[0m   Running: nanvix-zutil setup
[36minfo:[0m Sysroot already present at /home/v-phoenixman/repos/nanvix/zlib/nanvix/v1.3.1/.nanvix/sysroot
[32msuccess:[0m Sysroot verification passed
[32msuccess:[0m Setup complete
[1;32m OK[0m   nanvix/zlib setup: OK
[1;34m>>>[0m   (skipping build/test -- setup-only mode)
[1;34m>>>[0m --- nanvix/bzip2 ---
[1;34m>>>[0m   Using: /home/v-phoenixman/repos/nanvix/bzip2/nanvix/v1.0.8
[1;34m>>>[0m   Creating venv and installing local wheel...
[1;34m>>>[0m   nanvix_zutil import: OK
[1;34m>>>[0m   Running: nanvix-zutil setup
[36minfo:[0m Sysroot already present at /home/v-phoenixman/repos/nanvix/bzip2/nanvix/v1.0.8/.nanvix/sysroot
[32msuccess:[0m Sysroot verification passed
[32msuccess:[0m Setup complete
[1;32m OK[0m   nanvix/bzip2 setup: OK
[1;34m>>>[0m   (skipping build/test -- setup-only mode)
[1;34m>>>[0m --- nanvix/sqlite ---
[1;34m>>>[0m   Using: /home/v-phoenixman/repos/nanvix/sqlite/nanvix/v3.49.0
[1;34m>>>[0m   Creating venv and installing local wheel...
[1;34m>>>[0m   nanvix_zutil import: OK
[1;34m>>>[0m   Running: nanvix-zutil setup
[36minfo:[0m Sysroot already present at /home/v-phoenixman/repos/nanvix/sqlite/nanvix/v3.49.0/.nanvix/sysroot
[32msuccess:[0m Sysroot verification passed
[36minfo:[0m Buildroot at /home/v-phoenixman/repos/nanvix/sqlite/nanvix/v3.49.0/.nanvix/buildroot
[36minfo:[0m Asset already present: /home/v-phoenixman/repos/nanvix/sqlite/nanvix/v3.49.0/.nanvix/cache/zlib-microvm-standalone-256mb.tar.bz2
[36minfo:[0m Extracting zlib-microvm-standalone-256mb.tar.bz2...
[32msuccess:[0m Installed zlib into buildroot
[32msuccess:[0m Setup complete
[1;32m OK[0m   nanvix/sqlite setup: OK
[1;34m>>>[0m   (skipping build/test -- setup-only mode)
[1;34m>>>[0m --- nanvix/libffi ---
[1;34m>>>[0m   Using: /home/v-phoenixman/repos/nanvix/libffi/nanvix/v3.4.6
[1;34m>>>[0m   Creating venv and installing local wheel...
[1;34m>>>[0m   nanvix_zutil import: OK
[1;34m>>>[0m   Running: nanvix-zutil setup
[36minfo:[0m Sysroot already present at /home/v-phoenixman/repos/nanvix/libffi/nanvix/v3.4.6/.nanvix/sysroot
[32msuccess:[0m Sysroot verification passed
[32msuccess:[0m Setup complete
[1;32m OK[0m   nanvix/libffi setup: OK
[1;34m>>>[0m   (skipping build/test -- setup-only mode)
[1;34m>>>[0m --- nanvix/openssl ---
[1;34m>>>[0m   Using: /home/v-phoenixman/repos/nanvix/openssl/nanvix/v3.5.0
[1;34m>>>[0m   Creating venv and installing local wheel...
[1;34m>>>[0m   nanvix_zutil import: OK
[1;34m>>>[0m   Running: nanvix-zutil setup
[36minfo:[0m Sysroot already present at /home/v-phoenixman/repos/nanvix/openssl/nanvix/v3.5.0/.nanvix/sysroot
[32msuccess:[0m Sysroot verification passed
[32msuccess:[0m Setup complete
[1;32m OK[0m   nanvix/openssl setup: OK
[1;34m>>>[0m   (skipping build/test -- setup-only mode)
[1;34m>>>[0m --- nanvix/cpython ---
[1;34m>>>[0m   Using: /home/v-phoenixman/repos/nanvix/cpython/nanvix/v3.12.3
[1;34m>>>[0m   Creating venv and installing local wheel...
[1;34m>>>[0m   nanvix_zutil import: OK
[1;34m>>>[0m   Running: nanvix-zutil setup
[36minfo:[0m Sysroot already present at /home/v-phoenixman/repos/nanvix/cpython/nanvix/v3.12.3/.nanvix/sysroot
[32msuccess:[0m Sysroot verification passed
[36minfo:[0m Merged lib/libsqlite3.a into sysroot
[36minfo:[0m Merged lib/libffi.a into sysroot
[36minfo:[0m Merged lib/libcrypto.a into sysroot
[36minfo:[0m Merged lib/libbz2.a into sysroot
[36minfo:[0m Merged lib/libssl.a into sysroot
[36minfo:[0m Merged lib/libz.a into sysroot
[36minfo:[0m Merged include/sqlite3.h into sysroot
[36minfo:[0m Merged include/bzlib.h into sysroot
[36minfo:[0m Merged include/zlib.h into sysroot
[36minfo:[0m Merged include/zconf.h into sysroot
[36minfo:[0m Merged include/sqlite3ext.h into sysroot
[36minfo:[0m Merged directory include/openssl into sysroot
[36minfo:[0m Merged include/ffitarget.h into sysroot
[36minfo:[0m Merged include/ffi.h into sysroot
[32msuccess:[0m Setup complete
[1;32m OK[0m   nanvix/cpython setup: OK
[1;34m>>>[0m   (skipping build/test -- setup-only mode)
[1;34m>>>[0m --- nanvix/quickjs ---
[1;34m>>>[0m   Using: /home/v-phoenixman/repos/nanvix/quickjs
[1;34m>>>[0m   Creating venv and installing local wheel...
[1;34m>>>[0m   nanvix_zutil import: OK
[1;34m>>>[0m   Running: nanvix-zutil setup
[36minfo:[0m Sysroot already present at /home/v-phoenixman/repos/nanvix/quickjs/.nanvix/sysroot
[32msuccess:[0m Sysroot verification passed
[32msuccess:[0m Setup complete
[1;32m OK[0m   nanvix/quickjs setup: OK
[1;34m>>>[0m   (skipping build/test -- setup-only mode)
[1;34m>>>[0m --- nanvix/posix-tests ---
[1;34m>>>[0m   Using: /home/v-phoenixman/repos/nanvix/posix-tests/main
[1;34m>>>[0m   Creating venv and installing local wheel...
[1;34m>>>[0m   nanvix_zutil import: OK
[1;34m>>>[0m   Running: nanvix-zutil setup
[36minfo:[0m Sysroot already present at /home/v-phoenixman/repos/nanvix/posix-tests/main/.nanvix/sysroot
[32msuccess:[0m Sysroot verification passed
[32msuccess:[0m Setup complete
[1;32m OK[0m   nanvix/posix-tests setup: OK
[1;34m>>>[0m   (skipping build/test -- setup-only mode)

[1m================================================================[0m
[1m  Results[0m
[1m================================================================[0m

  [1;32m OK[0m  nanvix/zlib: OK (setup)
  [1;32m OK[0m  nanvix/bzip2: OK (setup)
  [1;32m OK[0m  nanvix/sqlite: OK (setup)
  [1;32m OK[0m  nanvix/libffi: OK (setup)
  [1;32m OK[0m  nanvix/openssl: OK (setup)
  [1;32m OK[0m  nanvix/cpython: OK (setup)
  [1;32m OK[0m  nanvix/quickjs: OK (setup)
  [1;32m OK[0m  nanvix/posix-tests: OK (setup)

[1;32m OK[0m All consumers passed!

[1;33m================================================================[0m
[1;33m  3 warning(s)[0m
[1;33m================================================================[0m
  [33m-   nanvix/sqlite: skipping reset -- uncommitted changes in /home/v-phoenixman/repos/nanvix/sqlite/nanvix/v3.49.0[0m
  [33m-   nanvix/quickjs: skipping reset -- uncommitted changes in /home/v-phoenixman/repos/nanvix/quickjs[0m
  [33m-   nanvix/posix-tests: skipping reset -- uncommitted changes in /home/v-phoenixman/repos/nanvix/posix-tests/main[0m

[1;36m################################################################[0m
[1;36m##                     Platform: Windows                      ##[0m
[1;36m################################################################[0m

Processing \\wsl.localhost\ubuntu\home\v-phoenixman\repos\nanvix\zutils\feat\downstream-scripts
  Installing build dependencies: started
  Installing build dependencies: finished with status 'done'
  Getting requirements to build wheel: started
  Getting requirements to build wheel: finished with status 'done'
  Preparing metadata (pyproject.toml): started
  Preparing metadata (pyproject.toml): finished with status 'done'
Building wheels for collected packages: nanvix-zutil
  Building wheel for nanvix-zutil (pyproject.toml): started
  Building wheel for nanvix-zutil (pyproject.toml): finished with status 'done'
  Created wheel for nanvix-zutil: filename=nanvix_zutil-0.7.21-py3-none-any.whl size=70270 sha256=0d9e8a1c074ae225f5708346fd24f3dea97a627393e0bc668f4349ea1beaa5b1
  Stored in directory: c:\users\v-phoenixman\appdata\local\packages\pythonsoftwarefoundation.python.3.12_qbz5n2kfra8p0\localcache\local\pip\cache\wheels\4b\7b\06\34f9f6eca91ae2e16e55755c605b60ae578a17ec8792de5773
Successfully built nanvix-zutil

[notice] A new release of pip is available: 25.0.1 -> 26.0.1
[notice] To update, run: C:\Users\v-phoenixman\AppData\Local\Microsoft\WindowsApps\PythonSoftwareFoundation.Python.3.12_qbz5n2kfra8p0\python.exe -m pip install --upgrade pip
HEAD is now at 76e4d06 Merge pull request #101 from nanvix/automation/update-zutils-version
HEAD is now at 3e8a776 Merge pull request #105 from nanvix/automation/update-nanvix-version
HEAD is now at 5de75cd8a2 Merge pull request #82 from nanvix/automation/update-zutils-version
HEAD is now at 32404b46f4f Merge pull request #440 from nanvix/automation/update-nanvix-version
[1;34m>>>[0m Building nanvix-zutil wheel from \\wsl.localhost\Ubuntu\home\v-phoenixman\repos\nanvix\zutils\feat\downstream-scripts
[1;32m OK[0m Built: nanvix_zutil-0.7.21-py3-none-any.whl
[1;34m>>>[0m === Downstream Test ===

[1;34m>>>[0m Wheel: C:\Users\V-PHOE~1\AppData\Local\Temp\nanvix-downstream-test\wheel\nanvix_zutil-0.7.21-py3-none-any.whl
[1;34m>>>[0m Repos root: C:\Users\v-phoenixman\repos
[1;34m>>>[0m Consumers: nanvix/zlib, nanvix/bzip2, nanvix/sqlite, nanvix/libffi, nanvix/openssl, nanvix/cpython, nanvix/quickjs, nanvix/posix-tests
[1;34m>>>[0m Setup only: True

[1m================================================================[0m
[1m  Stage 1: Checkout / Update Repos[0m
[1m================================================================[0m

[1;34m>>>[0m --- nanvix/zlib ---
[1;34m>>>[0m   nanvix/zlib: overriding strategy 'shallow' -> 'bare' (repo exists)
[1;34m>>>[0m   nanvix/zlib: strategy=bare branch=nanvix/v1.3.1
[1;34m>>>[0m   nanvix/zlib: fetching latest
[1;34m>>>[0m   nanvix/zlib: updating worktree at C:\Users\v-phoenixman\repos\nanvix\zlib\nanvix\v1.3.1
[1;34m>>>[0m --- nanvix/bzip2 ---
[1;34m>>>[0m   nanvix/bzip2: overriding strategy 'shallow' -> 'bare' (repo exists)
[1;34m>>>[0m   nanvix/bzip2: strategy=bare branch=nanvix/v1.0.8
[1;34m>>>[0m   nanvix/bzip2: fetching latest
[1;34m>>>[0m   nanvix/bzip2: updating worktree at C:\Users\v-phoenixman\repos\nanvix\bzip2\nanvix\v1.0.8
[1;34m>>>[0m --- nanvix/sqlite ---
[1;34m>>>[0m   nanvix/sqlite: overriding strategy 'shallow' -> 'bare' (repo exists)
[1;34m>>>[0m   nanvix/sqlite: strategy=bare branch=nanvix/v3.49.0
[1;34m>>>[0m   nanvix/sqlite: fetching latest
[1;34m>>>[0m   nanvix/sqlite: updating worktree at C:\Users\v-phoenixman\repos\nanvix\sqlite\nanvix\v3.49.0
[1;33mWARN[0m   nanvix/sqlite: skipping reset -- uncommitted changes in C:\Users\v-phoenixman\repos\nanvix\sqlite\nanvix\v3.49.0
[1;34m>>>[0m --- nanvix/libffi ---
[1;34m>>>[0m   nanvix/libffi: overriding strategy 'shallow' -> 'bare' (repo exists)
[1;34m>>>[0m   nanvix/libffi: strategy=bare branch=nanvix/v3.4.6
[1;34m>>>[0m   nanvix/libffi: fetching latest
[1;34m>>>[0m   nanvix/libffi: updating worktree at C:\Users\v-phoenixman\repos\nanvix\libffi\nanvix\v3.4.6
[1;33mWARN[0m   nanvix/libffi: skipping reset -- uncommitted changes in C:\Users\v-phoenixman\repos\nanvix\libffi\nanvix\v3.4.6
[1;34m>>>[0m --- nanvix/openssl ---
[1;34m>>>[0m   nanvix/openssl: overriding strategy 'shallow' -> 'bare' (repo exists)
[1;34m>>>[0m   nanvix/openssl: strategy=bare branch=nanvix/v3.5.0
[1;34m>>>[0m   nanvix/openssl: fetching latest
[1;34m>>>[0m   nanvix/openssl: updating worktree at C:\Users\v-phoenixman\repos\nanvix\openssl\nanvix\v3.5.0
[1;34m>>>[0m --- nanvix/cpython ---
[1;34m>>>[0m   nanvix/cpython: overriding strategy 'shallow' -> 'bare' (repo exists)
[1;34m>>>[0m   nanvix/cpython: strategy=bare branch=nanvix/v3.12.3
[1;34m>>>[0m   nanvix/cpython: fetching latest
[1;34m>>>[0m   nanvix/cpython: updating worktree at C:\Users\v-phoenixman\repos\nanvix\cpython\nanvix\v3.12.3
[1;34m>>>[0m --- nanvix/quickjs ---
[1;34m>>>[0m   nanvix/quickjs: overriding strategy 'shallow' -> 'bare' (repo exists)
[1;34m>>>[0m   nanvix/quickjs: strategy=bare branch=nanvix/v2025.09.13
[1;34m>>>[0m   nanvix/quickjs: fetching latest
[1;34m>>>[0m   nanvix/quickjs: updating worktree at C:\Users\v-phoenixman\repos\nanvix\quickjs\nanvix\v2025.09.13
[1;33mWARN[0m   nanvix/quickjs: skipping reset -- uncommitted changes in C:\Users\v-phoenixman\repos\nanvix\quickjs\nanvix\v2025.09.13
[1;34m>>>[0m --- nanvix/posix-tests ---
[1;34m>>>[0m   nanvix/posix-tests: overriding strategy 'shallow' -> 'bare' (repo exists)
[1;34m>>>[0m   nanvix/posix-tests: strategy=bare branch=main
[1;34m>>>[0m   nanvix/posix-tests: fetching latest
[1;34m>>>[0m   nanvix/posix-tests: updating worktree at C:\Users\v-phoenixman\repos\nanvix\posix-tests\main
[1;33mWARN[0m   nanvix/posix-tests: skipping reset -- uncommitted changes in C:\Users\v-phoenixman\repos\nanvix\posix-tests\main

[1m================================================================[0m
[1m  Stage 2: Run Consumer Tests[0m
[1m================================================================[0m

[1;34m>>>[0m --- nanvix/zlib ---
[1;34m>>>[0m   Using: C:\Users\v-phoenixman\repos\nanvix\zlib\nanvix\v1.3.1
[1;34m>>>[0m   Creating venv and installing local wheel...
[1;34m>>>[0m   nanvix_zutil import: OK
[1;34m>>>[0m   Running: nanvix-zutil setup
[36minfo:[0m Sysroot already present at C:\Users\v-phoenixman\repos\nanvix\zlib\nanvix\v1.3.1\.nanvix\sysroot
[32msuccess:[0m Sysroot verification passed
[32msuccess:[0m Setup complete
[1;32m OK[0m   nanvix/zlib setup: OK
[1;34m>>>[0m   (skipping build/test -- setup-only mode)
[1;34m>>>[0m --- nanvix/bzip2 ---
[1;34m>>>[0m   Using: C:\Users\v-phoenixman\repos\nanvix\bzip2\nanvix\v1.0.8
[1;34m>>>[0m   Creating venv and installing local wheel...
[1;34m>>>[0m   nanvix_zutil import: OK
[1;34m>>>[0m   Running: nanvix-zutil setup
[36minfo:[0m Sysroot already present at C:\Users\v-phoenixman\repos\nanvix\bzip2\nanvix\v1.0.8\.nanvix\sysroot
[32msuccess:[0m Sysroot verification passed
[32msuccess:[0m Setup complete
[1;32m OK[0m   nanvix/bzip2 setup: OK
[1;34m>>>[0m   (skipping build/test -- setup-only mode)
[1;34m>>>[0m --- nanvix/sqlite ---
[1;34m>>>[0m   Using: C:\Users\v-phoenixman\repos\nanvix\sqlite\nanvix\v3.49.0
[1;34m>>>[0m   Creating venv and installing local wheel...
[1;34m>>>[0m   nanvix_zutil import: OK
[1;34m>>>[0m   Running: nanvix-zutil setup
[36minfo:[0m Sysroot already present at C:\Users\v-phoenixman\repos\nanvix\sqlite\nanvix\v3.49.0\.nanvix\sysroot
[32msuccess:[0m Sysroot verification passed
[36minfo:[0m Buildroot at C:\Users\v-phoenixman\repos\nanvix\sqlite\nanvix\v3.49.0\.nanvix\buildroot
[36minfo:[0m Asset already present: C:\Users\v-phoenixman\repos\nanvix\sqlite\nanvix\v3.49.0\.nanvix\cache\zlib-microvm-standalone-256mb.tar.bz2
[36minfo:[0m Extracting zlib-microvm-standalone-256mb.tar.bz2...
[32msuccess:[0m Installed zlib into buildroot
[32msuccess:[0m Setup complete
[1;32m OK[0m   nanvix/sqlite setup: OK
[1;34m>>>[0m   (skipping build/test -- setup-only mode)
[1;34m>>>[0m --- nanvix/libffi ---
[1;34m>>>[0m   Using: C:\Users\v-phoenixman\repos\nanvix\libffi\nanvix\v3.4.6
[1;34m>>>[0m   Creating venv and installing local wheel...
[1;34m>>>[0m   nanvix_zutil import: OK
[1;34m>>>[0m   Running: nanvix-zutil setup
[36minfo:[0m Sysroot already present at C:\Users\v-phoenixman\repos\nanvix\libffi\nanvix\v3.4.6\.nanvix\sysroot
[32msuccess:[0m Sysroot verification passed
[32msuccess:[0m Setup complete
[1;32m OK[0m   nanvix/libffi setup: OK
[1;34m>>>[0m   (skipping build/test -- setup-only mode)
[1;34m>>>[0m --- nanvix/openssl ---
[1;34m>>>[0m   Using: C:\Users\v-phoenixman\repos\nanvix\openssl\nanvix\v3.5.0
[1;34m>>>[0m   Creating venv and installing local wheel...
[1;34m>>>[0m   nanvix_zutil import: OK
[1;34m>>>[0m   Running: nanvix-zutil setup
[36minfo:[0m Sysroot already present at C:\Users\v-phoenixman\repos\nanvix\openssl\nanvix\v3.5.0\.nanvix\sysroot
[32msuccess:[0m Sysroot verification passed
[32msuccess:[0m Setup complete
[1;32m OK[0m   nanvix/openssl setup: OK
[1;34m>>>[0m   (skipping build/test -- setup-only mode)
[1;34m>>>[0m --- nanvix/cpython ---
[1;34m>>>[0m   Using: C:\Users\v-phoenixman\repos\nanvix\cpython\nanvix\v3.12.3
[1;34m>>>[0m   Creating venv and installing local wheel...
[1;34m>>>[0m   nanvix_zutil import: OK
[1;34m>>>[0m   Running: nanvix-zutil setup
[36minfo:[0m Sysroot already present at C:\Users\v-phoenixman\repos\nanvix\cpython\nanvix\v3.12.3\.nanvix\sysroot
[32msuccess:[0m Sysroot verification passed
[36minfo:[0m Merged lib/libbz2.a into sysroot
[36minfo:[0m Merged lib/libcrypto.a into sysroot
[36minfo:[0m Merged lib/libffi.a into sysroot
[36minfo:[0m Merged lib/libsqlite3.a into sysroot
[36minfo:[0m Merged lib/libssl.a into sysroot
[36minfo:[0m Merged lib/libz.a into sysroot
[36minfo:[0m Merged include/bzlib.h into sysroot
[36minfo:[0m Merged include/ffi.h into sysroot
[36minfo:[0m Merged include/ffitarget.h into sysroot
[36minfo:[0m Merged directory include/openssl into sysroot
[36minfo:[0m Merged include/sqlite3.h into sysroot
[36minfo:[0m Merged include/sqlite3ext.h into sysroot
[36minfo:[0m Merged include/zconf.h into sysroot
[36minfo:[0m Merged include/zlib.h into sysroot
[32msuccess:[0m Setup complete
[1;32m OK[0m   nanvix/cpython setup: OK
[1;34m>>>[0m   (skipping build/test -- setup-only mode)
[1;34m>>>[0m --- nanvix/quickjs ---
[1;34m>>>[0m   Using: C:\Users\v-phoenixman\repos\nanvix\quickjs\nanvix\v2025.09.13
[1;34m>>>[0m   Creating venv and installing local wheel...
[1;34m>>>[0m   nanvix_zutil import: OK
[1;34m>>>[0m   Running: nanvix-zutil setup
[36minfo:[0m Sysroot already present at C:\Users\v-phoenixman\repos\nanvix\quickjs\nanvix\v2025.09.13\.nanvix\sysroot
[32msuccess:[0m Sysroot verification passed
[32msuccess:[0m Setup complete
[1;32m OK[0m   nanvix/quickjs setup: OK
[1;34m>>>[0m   (skipping build/test -- setup-only mode)
[1;34m>>>[0m --- nanvix/posix-tests ---
[1;34m>>>[0m   Using: C:\Users\v-phoenixman\repos\nanvix\posix-tests\main
[1;34m>>>[0m   Creating venv and installing local wheel...
[1;34m>>>[0m   nanvix_zutil import: OK
[1;34m>>>[0m   Running: nanvix-zutil setup
[36minfo:[0m Sysroot already present at C:\Users\v-phoenixman\repos\nanvix\posix-tests\main\.nanvix\sysroot
[32msuccess:[0m Sysroot verification passed
[32msuccess:[0m Setup complete
[1;32m OK[0m   nanvix/posix-tests setup: OK
[1;34m>>>[0m   (skipping build/test -- setup-only mode)

[1m================================================================[0m
[1m  Results[0m
[1m================================================================[0m

  [1;32m OK[0m  nanvix/zlib: OK (setup)
  [1;32m OK[0m  nanvix/bzip2: OK (setup)
  [1;32m OK[0m  nanvix/sqlite: OK (setup)
  [1;32m OK[0m  nanvix/libffi: OK (setup)
  [1;32m OK[0m  nanvix/openssl: OK (setup)
  [1;32m OK[0m  nanvix/cpython: OK (setup)
  [1;32m OK[0m  nanvix/quickjs: OK (setup)
  [1;32m OK[0m  nanvix/posix-tests: OK (setup)

[1;32m OK[0m All consumers passed!

[1;33m================================================================[0m
[1;33m  4 warning(s)[0m
[1;33m================================================================[0m
  [33m-   nanvix/sqlite: skipping reset -- uncommitted changes in C:\Users\v-phoenixman\repos\nanvix\sqlite\nanvix\v3.49.0[0m
  [33m-   nanvix/libffi: skipping reset -- uncommitted changes in C:\Users\v-phoenixman\repos\nanvix\libffi\nanvix\v3.4.6[0m
  [33m-   nanvix/quickjs: skipping reset -- uncommitted changes in C:\Users\v-phoenixman\repos\nanvix\quickjs\nanvix\v2025.09.13[0m
  [33m-   nanvix/posix-tests: skipping reset -- uncommitted changes in C:\Users\v-phoenixman\repos\nanvix\posix-tests\main[0m

[1m================================================================[0m
[1m  Combined Summary[0m
[1m================================================================[0m
  [1;32m OK[0m  Linux: passed
  [1;32m OK[0m  Windows: passed
[1m================================================================[0m
[1;32m OK[0m All platforms passed!

[1;33m================================================================[0m
[1;33m  7 warning(s) across platforms[0m
[1;33m================================================================[0m
  [33m- [Linux] nanvix/sqlite: skipping reset -- uncommitted changes in /home/v-phoenixman/repos/nanvix/sqlite/nanvix/v3.49.0[0m
  [33m- [Linux]   nanvix/quickjs: skipping reset -- uncommitted changes in /home/v-phoenixman/repos/nanvix/quickjs[0m
  [33m- [Linux]   nanvix/posix-tests: skipping reset -- uncommitted changes in /home/v-phoenixman/repos/nanvix/posix-tests/main[0m
  [33m- [Windows] nanvix/sqlite: skipping reset -- uncommitted changes in C:\Users\v-phoenixman\repos\nanvix\sqlite\nanvix\v3.49.0[0m
  [33m- [Windows]   nanvix/libffi: skipping reset -- uncommitted changes in C:\Users\v-phoenixman\repos\nanvix\libffi\nanvix\v3.4.6[0m
  [33m- [Windows]   nanvix/quickjs: skipping reset -- uncommitted changes in C:\Users\v-phoenixman\repos\nanvix\quickjs\nanvix\v2025.09.13[0m
  [33m- [Windows]   nanvix/posix-tests: skipping reset -- uncommitted changes in C:\Users\v-phoenixman\repos\nanvix\posix-tests\main[0m

> /home/v-phoenixman/repos/nanvix/zutils/feat/downstream-scripts/.venv/bin/python3 /home/v-phoenixman/repos/nanvix/zutils/feat/downstream-scripts/scripts/downstream/wrapper.py --setup-only
